<?xml version="1.0" encoding="UTF-8"?>
<robot generator="Robot 6.1.1 (Python 3.10.9 on win32)" generated="20240307 23:49:02.243" rpa="false" schemaversion="4">
<suite id="s1" name="Test 1" source="C:\Users\nlaxm\Documents\Robot-Selenium-Sample\robot-testing\test_1.robot">
<test id="s1-t1" name="Valid Login" line="10">
<kw name="Open Browser To Login Page">
<kw name="Open Browser" library="SeleniumLibrary">
<arg>${LOGIN URL}</arg>
<arg>${BROWSER}</arg>
<doc>Opens a new browser instance to the optional ``url``.</doc>
<msg timestamp="20240307 23:49:02.416" level="INFO">Opening browser 'Chrome' to base url 'http://localhost:8080'.</msg>
<status status="PASS" starttime="20240307 23:49:02.416" endtime="20240307 23:49:04.054"/>
</kw>
<status status="PASS" starttime="20240307 23:49:02.416" endtime="20240307 23:49:04.054"/>
</kw>
<kw name="Welcome Page Should Be Open">
<kw name="Title Should Be" library="SeleniumLibrary">
<arg>Apache Tomcat/9.0.80</arg>
<doc>Verifies that the current page title equals ``title``.</doc>
<msg timestamp="20240307 23:49:04.066" level="INFO">Page title is 'Apache Tomcat/9.0.80'.</msg>
<status status="PASS" starttime="20240307 23:49:04.057" endtime="20240307 23:49:04.066"/>
</kw>
<status status="PASS" starttime="20240307 23:49:04.054" endtime="20240307 23:49:04.066"/>
</kw>
<kw name="Close Browser" library="SeleniumLibrary" type="TEARDOWN">
<doc>Closes the current browser.</doc>
<status status="PASS" starttime="20240307 23:49:04.066" endtime="20240307 23:49:06.187"/>
</kw>
<status status="PASS" starttime="20240307 23:49:02.416" endtime="20240307 23:49:06.187"/>
</test>
<doc>Simple example using SeleniumLibrary.</doc>
<status status="PASS" starttime="20240307 23:49:02.243" endtime="20240307 23:49:06.189"/>
</suite>
<statistics>
<total>
<stat pass="1" fail="0" skip="0">All Tests</stat>
</total>
<tag>
</tag>
<suite>
<stat pass="1" fail="0" skip="0" id="s1" name="Test 1">Test 1</stat>
</suite>
</statistics>
<errors>
</errors>
</robot>
